GodotGooglePlayBilling/app/build/intermediates/manifest_merge_blame_file/debug/manifest-merger-blame-debug-report.txt
1<?xml version="1.0" encoding="utf-8"?>
2<manifest xmlns:android="http://schemas.android.com/apk/res/android"
3    xmlns:tools="http://schemas.android.com/tools"
4    package="org.godotengine.godotgoogleplaybilling" >
5
6    <uses-sdk android:minSdkVersion="24" />
6-->src\main\AndroidManifest.xml
7
8    <application>
8-->src\main\AndroidManifest.xml:5:5-9:19
9        <meta-data
9-->src\main\AndroidManifest.xml:6:9-8:92
10            android:name="org.godotengine.plugin.v2.GodotGooglePlayBilling"
10-->src\main\AndroidManifest.xml:7:13-76
11            android:value="org.godotengine.godotgoogleplaybilling.GodotGooglePlayBilling" />
11-->src\main\AndroidManifest.xml:8:13-90
12    </application>
13
14</manifest>